<?xml version="1.0" encoding="UTF-8"?>
<!-- Generated by org.testng.reporters.JUnitReportReporter -->
<testsuite hostname="FFE-Mekala-Rupesh" failures="0" tests="1" name="test.test1" time="2.450" errors="0" timestamp="2023-11-16T11:52:23 IST" skipped="0">
  <testcase classname="test.test1" name="run" time="2.450"/>
</testsuite> <!-- test.test1 -->
