<?xml version="1.0" encoding="UTF-8"?>
<!-- Generated by org.testng.reporters.JUnitReportReporter -->
<testsuite hostname="FFE-Mekala-Rupesh" failures="0" tests="1" name="test.test1" time="0.006" errors="0" timestamp="2023-11-15T15:52:37 IST" skipped="0">
  <testcase classname="test.test1" name="run" time="0.006"/>
</testsuite> <!-- test.test1 -->
